Flow report for bin_bcd_decoder_ser
Tue Dec 03 11:14:46 2019
Quartus II 64-Bit Version 13.1.0 Build 162 10/23/2013 SJ Web Edition


---------------------
; Table of Contents ;
---------------------
  1. Legal Notice
  2. Flow Summary
  3. Flow Settings
  4. Flow Non-Default Global Settings
  5. Flow Elapsed Time
  6. Flow OS Summary
  7. Flow Log
  8. Flow Messages
  9. Flow Suppressed Messages



----------------
; Legal Notice ;
----------------
Copyright (C) 1991-2013 Altera Corporation
Your use of Altera Corporation's design tools, logic functions 
and other software and tools, and its AMPP partner logic 
functions, and any output files from any of the foregoing 
(including device programming or simulation files), and any 
associated documentation or information are expressly subject 
to the terms and conditions of the Altera Program License 
Subscription Agreement, Altera MegaCore Function License 
Agreement, or other applicable license agreement, including, 
without limitation, that your use is for the sole purpose of 
programming logic devices manufactured by Altera and sold by 
Altera or its authorized distributors.  Please refer to the 
applicable agreement for further details.



+---------------------------------------------------------------------------------+
; Flow Summary                                                                    ;
+------------------------------------+--------------------------------------------+
; Flow Status                        ; Successful - Tue Dec 03 11:14:46 2019      ;
; Quartus II 64-Bit Version          ; 13.1.0 Build 162 10/23/2013 SJ Web Edition ;
; Revision Name                      ; bin_bcd_decoder_ser                        ;
; Top-level Entity Name              ; bin_bcd_ser                                ;
; Family                             ; Cyclone III                                ;
; Device                             ; EP3C16F256C7                               ;
; Timing Models                      ; Final                                      ;
; Total logic elements               ; 62                                         ;
;     Total combinational functions  ; 61                                         ;
;     Dedicated logic registers      ; 30                                         ;
; Total registers                    ; 30                                         ;
; Total pins                         ; 26                                         ;
; Total virtual pins                 ; 0                                          ;
; Total memory bits                  ; 0                                          ;
; Embedded Multiplier 9-bit elements ; 0                                          ;
; Total PLLs                         ; 0                                          ;
+------------------------------------+--------------------------------------------+


+-----------------------------------------+
; Flow Settings                           ;
+-------------------+---------------------+
; Option            ; Setting             ;
+-------------------+---------------------+
; Start date & time ; 12/03/2019 11:14:38 ;
; Main task         ; Compilation         ;
; Revision Name     ; bin_bcd_decoder_ser ;
+-------------------+---------------------+


+----------------------------------------------------------------------------------------------------------------------------+
; Flow Non-Default Global Settings                                                                                           ;
+-------------------------------------+---------------------------------+---------------------+-------------+----------------+
; Assignment Name                     ; Value                           ; Default Value       ; Entity Name ; Section Id     ;
+-------------------------------------+---------------------------------+---------------------+-------------+----------------+
; COMPILER_SIGNATURE_ID               ; 167537343565159.157536807820456 ; --                  ; --          ; --             ;
; EDA_OUTPUT_DATA_FORMAT              ; Vhdl                            ; --                  ; --          ; eda_simulation ;
; EDA_SIMULATION_TOOL                 ; ModelSim-Altera (VHDL)          ; <None>              ; --          ; --             ;
; MAX_CORE_JUNCTION_TEMP              ; 85                              ; --                  ; --          ; --             ;
; MIN_CORE_JUNCTION_TEMP              ; 0                               ; --                  ; --          ; --             ;
; NOMINAL_CORE_SUPPLY_VOLTAGE         ; 1.2V                            ; --                  ; --          ; --             ;
; PARTITION_COLOR                     ; 16764057                        ; --                  ; bin_bcd_ser ; Top            ;
; PARTITION_FITTER_PRESERVATION_LEVEL ; PLACEMENT_AND_ROUTING           ; --                  ; bin_bcd_ser ; Top            ;
; PARTITION_NETLIST_TYPE              ; SOURCE                          ; --                  ; bin_bcd_ser ; Top            ;
; PROJECT_OUTPUT_DIRECTORY            ; output_files                    ; --                  ; --          ; --             ;
; TOP_LEVEL_ENTITY                    ; bin_bcd_ser                     ; bin_bcd_decoder_ser ; --          ; --             ;
+-------------------------------------+---------------------------------+---------------------+-------------+----------------+


+--------------------------------------------------------------------------------------------------------------------------+
; Flow Elapsed Time                                                                                                        ;
+----------------------+--------------+-------------------------+---------------------+------------------------------------+
; Module Name          ; Elapsed Time ; Average Processors Used ; Peak Virtual Memory ; Total CPU Time (on all processors) ;
+----------------------+--------------+-------------------------+---------------------+------------------------------------+
; Analysis & Synthesis ; 00:00:09     ; 1.0                     ; 4657 MB             ; 00:00:04                           ;
; Total                ; 00:00:09     ; --                      ; --                  ; 00:00:04                           ;
+----------------------+--------------+-------------------------+---------------------+------------------------------------+


+-----------------------------------------------------------------------------------+
; Flow OS Summary                                                                   ;
+----------------------+------------------+-----------+------------+----------------+
; Module Name          ; Machine Hostname ; OS Name   ; OS Version ; Processor type ;
+----------------------+------------------+-----------+------------+----------------+
; Analysis & Synthesis ; PeppiSurface     ; Windows 7 ; 6.2        ; x86_64         ;
+----------------------+------------------+-----------+------------+----------------+


------------
; Flow Log ;
------------
quartus_map --read_settings_files=on --write_settings_files=off bin_bcd_decoder_ser -c bin_bcd_decoder_ser



